This file contains any messages produced by compilers while
running configure, to aid debugging if configure makes a mistake.

It was created by prboom configure 2.4.7, which was
generated by GNU Autoconf 2.61.  Invocation command line was

  $ /home/scott/code/opendoom/configure --build=i686-linux --host=arm-angstrom-linux-gnueabi --target=arm-angstrom-linux-gnueabi --prefix=/usr --exec_prefix=/usr --bindir=/usr/bin --sbindir=/usr/sbin --libexecdir=/usr/libexec --datadir=/usr/share --sysconfdir=/etc --sharedstatedir=/usr/com --localstatedir=/var --libdir=/usr/lib --includedir=/usr/include --oldincludedir=/usr/include --infodir=/usr/share/info --mandir=/usr/share/man --enable-mainainer-mode

## --------- ##
## Platform. ##
## --------- ##

hostname = OMDevBox
uname -m = i686
uname -r = 2.6.24-19-generic
uname -s = Linux
uname -v = #1 SMP Wed Aug 20 22:56:21 UTC 2008

/usr/bin/uname -p = unknown
/bin/uname -X     = unknown

/bin/arch              = unknown
/usr/bin/arch -k       = unknown
/usr/convex/getsysinfo = unknown
/usr/bin/hostinfo      = unknown
/bin/machine           = unknown
/usr/bin/oslevel       = unknown
/bin/universe          = unknown

PATH: /usr/local/openmoko/arm/bin
PATH: /usr/local/sbin
PATH: /usr/local/bin
PATH: /usr/sbin
PATH: /usr/bin
PATH: /sbin
PATH: /bin
PATH: /usr/games
PATH: /usr/local/openmoko/arm/bin


## ----------- ##
## Core tests. ##
## ----------- ##

configure:1677: loading site script /usr/local/openmoko/arm/site-config
| ac_cv_c_littleendian=${ac_cv_c_littleendian=yes}
| ac_cv_c_bigendian=${ac_cv_c_bigendian=no}
| 
| # libnet
| ac_cv_libnet_endianess=${ac_cv_libnet_endianess=lil}
| 
| # apr
| ac_cv_file__dev_zero=${ac_cv_file__dev_zero=yes}
| # general
| ac_cv_have_decl_sys_siglist=${ac_cv_have_decl_sys_siglist=yes}
| ac_cv_func_malloc_0_nonnull=${ac_cv_func_malloc_0_nonnull=yes}
| ac_cv_func_memcmp_working=${ac_cv_func_memcmp_working=yes}
| ac_cv_type_uid_t={ac_cv_type_uid_t=yes}
| 
| # bash
| bash_cv_under_sys_siglist=${bash_cv_under_sys_siglist=yes}
| bash_cv_sys_siglist=${bash_cv_sys_siglist=yes}
| 
| # clamav
| clamav_av_func_working_snprintf_long=${clamav_av_func_working_snprintf_long=yes}
| clamav_av_have_in_port_t=${clamav_av_have_in_port_t=yes}
| clamav_av_have_in_addr_t=${clamav_av_have_in_addr_t=yes}
| ac_cv_func_mmap_fixed_mapped=${ac_cv_func_mmap_fixed_mapped=yes}
| 
| # glib
| glib_cv_strlcpy=${glib_cv_strlcpy=no}
| ac_cv_func_printf_unix98=${ac_cv_func_printf_unix98=yes}
| ac_cv_func_snprintf_c99=${ac_cv_func_snprintf_c99=yes}
| ac_cv_func_vsnprintf_c99=${ac_cv_func_vsnprintf_c99=yes}
| glib_cv_compliant_posix_memalign=${glib_cv_compliant_posix_memalign=1}
| glib_cv_long_long_format=${glib_cv_long_long_format=ll}
| 
| #dbus-glib
| ac_cv_have_abstract_sockets=${ac_cv_have_abstract_sockets=yes}
| 
| # gnucash
| am_cv_scanf_lld=${am_cv_scanf_lld=yes}
| 
| # mono
| mono_cv_uscore=${mono_cv_uscore=no}
| 
| # guile
| ac_cv_func_pthread_attr_getstack=${ac_cv_func_pthread_attr_getstack=yes}
| 
| #gcc-zlib
| ac_cv_func_getpagesize=${ac_cv_func_getpagesize=yes}
| ac_cv_func_memcpy=${ac_cv_func_memcpy=yes}
| ac_cv_func_strerror=${ac_cv_func_strerror=yes}
| 
| # squid
| ac_cv_af_unix_large_dgram=${ac_cv_af_unix_large_dgram=yes}
| ac_cv_func_setresuid=${ac_cv_func_setresuid=yes}
| ac_cv_func_va_copy=${ac_cv_func_va_copy=yes}
| ac_cv_func___va_copy=${ac_cv_func___va_copy=yes}
| ac_cv_epoll_works=${ac_cv_epoll_works=yes}
| 
| # pth
| ac_cv_check_sjlj=ssjlj
| ac_cv_sizeof_char=${ac_cv_sizeof_char=1}
| ac_cv_sizeof_unsigned_char=${ac_cv_sizeof_unsigned_int=1}
| ac_cv_sizeof_char_p=${ac_cv_sizeof_char_p=4}
| ac_cv_sizeof_unsigned_char_p=${ac_cv_sizeof_unsigned_char_p=4}
| ac_cv_sizeof_int=${ac_cv_sizeof_int=4}
| ac_cv_sizeof_unsigned_int=${ac_cv_sizeof_unsigned_int=4}
| ac_cv_sizeof_int_p=${ac_cv_sizeof_int_p=4}
| ac_cv_sizeof_long=${ac_cv_sizeof_long=4}
| ac_cv_sizeof_unsigned_long=${ac_cv_sizeof_unsigned_long=4}
| ac_cv_sizeof_long_long=${ac_cv_sizeof_long_long=8}
| ac_cv_sizeof_unsigned_long_long=${ac_cv_sizeof_unsigned_long_long=8}
| ac_cv_sizeof_short=${ac_cv_sizeof_short=2}
| ac_cv_sizeof_unsigned_short=${ac_cv_sizeof_unsigned_short=2}
| ac_cv_sizeof_size_t=${ac_cv_sizeof_size_t=4}
| ac_cv_sizeof_ssize_t=${ac_cv_sizeof_ssize_t=4}
| ac_cv_sizeof_void_p=${ac_cv_sizeof_void_p=4}
| ac_cv_sizeof_long_p=${ac_cv_sizeof_long_p=4}
| ac_cv_sizeof_float=${ac_cv_sizeof_float=4}
| ac_cv_sizeof_off_t=${ac_cv_sizeof_off_t=4}
| 
| ac_cv_func_getpgrp_void=${ac_cv_func_getpgrp_void=yes}
| ac_cv_func_getpwuid_r=${ac_cv_func_getpwuid_r=yes}
| ac_cv_func_lstat_dereferences_slashed_symlink=${ac_cv_func_lstat_dereferences_slashed_symlink=yes}
| ac_cv_func_lstat_empty_string_bug=${ac_cv_func_lstat_empty_string_bug=no}
| ac_cv_func_malloc_0_nonnull=${ac_cv_func_malloc_0_nonnull=yes}
| ac_cv_func_malloc_works=${ac_cv_func_malloc_works=yes}
| ac_cv_func_pthread_key_delete=${ac_cv_func_pthread_key_delete=yes}
| ac_cv_func_setpgrp_void=${ac_cv_func_setpgrp_void=yes}
| ac_cv_func_setvbuf_reversed=${ac_cv_func_setvbuf_reversed=no}
| ac_cv_func_stat_empty_string_bug=${ac_cv_func_stat_empty_string_bug=no}
| ac_cv_func_posix_getpwuid_r=${ac_cv_func_posix_getpwuid_r=yes}
| ac_cv_func_stat_ignores_trailing_slash=${ac_cv_func_stat_ignores_trailing_slash=no}
| 
| ac_cv_header_netinet_sctp_h=${ac_cv_header_netinet_sctp_h=no}
| ac_cv_header_netinet_sctp_uio_h=${ac_cv_header_netinet_sctp_uio_h=no}
| ac_cv_linux_vers=${ac_cv_linux_vers=2}
| ac_cv_sctp=${ac_cv_sctp=no}
| 
| apr_cv_process_shared_works=${apr_cv_process_shared_works=no}
| apr_cv_tcp_nodelay_with_cork=${apr_cv_tcp_nodelay_with_cork=yes}
| 
| ac_cv_path_ESD_CONFIG=no
| lf_cv_sane_realloc=yes
| jm_cv_func_gettimeofday_clobber=no
| samba_cv_HAVE_GETTIMEOFDAY_TZ=yes
| bf_lsbf=1
| ac_cv_sys_restartable_syscalls=yes
| ac_cv_uchar=${ac_cv_uchar=no}
| ac_cv_uint=${ac_cv_uint=yes}
| ac_cv_ulong=${ac_cv_ulong=yes}
| ac_cv_ushort=${ac_cv_ushort=yes}
| 
| # audacity
| ac_cv_file_lib_src_libmad_frame_h=${ac_cv_file_lib_src_libmad_frame_h=no}
| 
| # bash
| ac_cv_c_long_double=${ac_cv_c_long_double=yes}
| bash_cv_have_mbstate_t=${bash_cv_have_mbstate_t=yes}
| bash_cv_func_sigsetjmp=${bash_cv_func_sigsetjmp=missing}
| bash_cv_must_reinstall_sighandlers=${bash_cv_must_reinstall_sighandlers=no}
| bash_cv_func_strcoll_broken=${bash_cv_func_strcoll_broken=no}
| bash_cv_dup2_broken=${bash_cv_dup2_broken=no}
| bash_cv_opendir_not_robust=${bash_cv_opendir_not_robust=no}
| bash_cv_type_rlimit=${bash_cv_type_rlimit=rlim_t}
| bash_cv_getenv_redef=${bash_cv_getenv_redef=yes}
| bash_cv_ulimit_maxfds=${bash_cv_ulimit_maxfds=yes}
| bash_cv_getcwd_calls_popen=${bash_cv_getcwd_calls_popen=no}
| bash_cv_printf_a_format=${bash_cv_printf_a_format=yes}
| bash_cv_pgrp_pipe=${bash_cv_pgrp_pipe=no}
| bash_cv_job_control_missing=${bash_cv_job_control_missing=present}
| bash_cv_sys_named_pipes=${bash_cv_sys_named_pipes=present}
| bash_cv_unusable_rtsigs=${bash_cv_unusable_rtsigs=no}
| 
| # clamav
| clamav_av_func_working_snprintf_long=${clamav_av_func_working_snprintf_long=yes}
| clamav_av_have_in_port_t=${clamav_av_have_in_port_t=yes}
| clamav_av_have_in_addr_t=${clamav_av_have_in_addr_t=yes}
| ac_cv_func_mmap_fixed_mapped=${ac_cv_func_mmap_fixed_mapped=yes}
| 
| # cvs
| cvs_cv_func_printf_ptr=${cvs_cv_func_printf_ptr=yes}
| 
| # db
| db_cv_alignp_t=${db_cv_alignp_t='unsigned long'}
| db_cv_align_t=${db_cv_align_t='unsigned long long'}
| db_cv_fcntl_f_setfd=${db_cv_fcntl_f_setfd=yes}
| db_cv_mutex=${db_cv_mutex=x86/gcc-assembly}
| db_cv_path_ar=${db_cv_path_ar=/usr/bin/ar}
| db_cv_path_chmod=${db_cv_path_chmod=/bin/chmod}
| db_cv_path_cp=${db_cv_path_cp=/bin/cp}
| db_cv_path_ln=${db_cv_path_ln=/bin/ln}
| db_cv_path_mkdir=${db_cv_path_mkdir=/bin/mkdir}
| db_cv_path_ranlib=${db_cv_path_ranlib=/usr/bin/ranlib}
| db_cv_path_rm=${db_cv_path_rm=/bin/rm}
| db_cv_path_sh=${db_cv_path_sh=/bin/sh}
| db_cv_path_strip=${db_cv_path_strip=/usr/bin/strip}
| db_cv_posixmutexes=${db_cv_posixmutexes=no}
| db_cv_sprintf_count=${db_cv_sprintf_count=yes}
| db_cv_uimutexes=${db_cv_uimutexes=no}
| 
| # D-BUS
| ac_cv_func_posix_getpwnam_r=${ac_cv_func_posix_getpwnam_r=yes}
| 
| dpkg_cv_va_copy=${ac_cv_va_copy=no}
| dpkg_cv___va_copy=${ac_cv___va_copy=yes}
| 
| # enca
| yeti_cv_func_scanf_modif_size_t=yes
| 
| # ettercap
| ettercap_cv_type_socklen_t=${ettercap_cv_type_socklen_t=yes}
| 
| # gettext
| am_cv_func_working_getline=${am_cv_func_working_getline=yes}
| 
| # glib
| glib_cv_sizeof_system_thread=${glib_cv_sizeof_system_thread=4}
| glib_cv_has__inline=${glib_cv_has__inline=yes}
| glib_cv_has__inline__=${glib_cv_has__inline__=yes}
| glib_cv_hasinline=${glib_cv_hasinline=yes}
| glib_cv_sane_realloc=${glib_cv_sane_realloc=yes}
| glib_cv_sizeof_gmutex=${glib_cv_sizeof_gmutex=24}
| glib_cv_sys_pthread_cond_timedwait_posix=${glib_cv_sys_pthread_cond_timedwait_posix=yes}
| glib_cv_sys_pthread_getspecific_posix=${glib_cv_sys_pthread_getspecific_posix=yes}
| glib_cv_sys_pthread_mutex_trylock_posix=${glib_cv_sys_pthread_mutex_trylock_posix=yes}
| glib_cv_uscore=${glib_cv_uscore=no}
| glib_cv___va_copy=${glib_cv___va_copy=yes}
| glib_cv_va_copy=${glib_cv_va_copy=yes}
| glib_cv_va_val_copy=${glib_cv_va_val_copy=yes}
| glib_cv_rtldglobal_broken=${glib_cv_rtldglobal_broken=yes}
| 
| # glib-2.0
| glib_cv_stack_grows=${glib_cv_stack_grows=no}
| utils_cv_sys_open_max=${utils_cv_sys_open_max=1015}
| ac_cv_func_posix_getpwuid_r=${ac_cv_func_posix_getpwuid_r=yes}
| glib_cv_use_pid_surrogate=${glib_cv_use_pid_surrogate=yes}
| ac_cv_func_posix_getgrgid_r=${ac_cv_func_posix_getgrgid_r=yes}
| 
| # guile
| ac_cv_sys_restartable_syscalls=yes
| ac_cv_uchar=${ac_cv_uchar=no}
| ac_cv_uint=${ac_cv_uint=yes}
| ac_cv_ulong=${ac_cv_ulong=yes}
| ac_cv_ushort=${ac_cv_ushort=yes}
| 
| # intercom
| ac_cv_func_fnmatch_works=${ac_cv_func_fnmatch_works=yes}
| 
| # ipsec-tools
| ac_cv_va_copy=${ac_cv_va_copy=no}
| ac_cv___va_copy=${ac_cv___va_copy=yes}
| ac_cv_va_val_copy=${ac_cv_va_val_copy=yes}
| racoon_cv_bug_getaddrinfo=${racoon_cv_bug_getaddrinfo=no}
| 
| # jikes-native
| ac_cv_sizeof_wchar_t=4
| 
| # lftp
| ac_cv_need_trio=${ac_cv_need_trio=no}
| lftp_cv_va_copy=${lftp_cv_va_copy=no}
| lftp_cv___va_copy=${lftp_cv___va_copy=yes}
| 
| # libidl
| libIDL_cv_long_long_format=${libIDL_cv_long_long_format=ll}
| 
| # libnet 
| ac_cv_lbl_unaligned_fail=${ac_cv_lbl_unaligned_fail=no}
| ac_libnet_have_packet_socket=${ac_libnet_have_packet_socket=yes}
| 
| # libxfce4util
| with_broken_putenv=${with_broken_putenv=no}
| 
| # mono
| cv_mono_sizeof_sunpath=108
| 
| # mysql
| mysql_cv_func_atomic_sub=${mysql_cv_func_atomic_sub=yes}
| mysql_cv_func_atomic_add=${mysql_cv_func_atomic_add=yes}
| ac_cv_conv_longlong_to_float=${ac_cv_conv_longlong_to_float=yes}
| 
| # ORBit2
| ac_cv_alignof_CORBA_boolean=1
| ac_cv_alignof_CORBA_char=1
| ac_cv_alignof_CORBA_double=4
| ac_cv_alignof_CORBA_float=4
| ac_cv_alignof_CORBA_long=4
| ac_cv_alignof_CORBA_long_double=4
| ac_cv_alignof_CORBA_long_long=4
| ac_cv_alignof_CORBA_octet=1
| ac_cv_alignof_CORBA_pointer=4
| ac_cv_alignof_CORBA_short=2
| ac_cv_alignof_CORBA_struct=4
| ac_cv_alignof_CORBA_wchar=2
| ac_cv_func_getaddrinfo=${ac_cv_func_getaddrinfo=yes}
| 
| # p3scan
| ac_cv_func_realloc_0_nonnull=${ac_cv_func_realloc_0_nonnull=yes}
| 
| # php
| ac_cv_pread=${ac_cv_pread=no}
| ac_cv_pwrite=${ac_cv_pwrite=no}
| php_cv_lib_cookie_io_functions_use_off64_t=${php_cv_lib_cookie_io_functions_use_off64_t=yes}
| 
| # rp-pppoe
| rpppoe_cv_pack_bitfields=${rpppoe_cv_pack_bitfields=rev}
| 
| # rsync
| rsync_cv_HAVE_BROKEN_LARGEFILE=${rsync_cv_HAVE_BROKEN_LARGEFILE=no}
| rsync_cv_HAVE_SOCKETPAIR=${rsync_cv_HAVE_SOCKETPAIR=yes}
| rsync_cv_HAVE_LONGLONG=${rsync_cv_HAVE_LONGLONG=yes}
| rsync_cv_HAVE_OFF64_T=${rsync_cv_HAVE_OFF64_T=no}
| rsync_cv_HAVE_SHORT_INO_T=${rsync_cv_HAVE_SHORT_INO_T=no}
| rsync_cv_HAVE_UNSIGNED_CHAR=${rsync_cv_HAVE_UNSIGNED_CHAR=no}
| rsync_cv_HAVE_BROKEN_READDIR=${rsync_cv_HAVE_BROKEN_READDIR=no}
| rsync_cv_HAVE_GETTIMEOFDAY_TZ=${rsync_cv_HAVE_GETTIMEOFDAY_TZ=yes}
| rsync_cv_HAVE_C99_VSNPRINTF=${rsync_cv_HAVE_C99_VSNPRINTF=yes}
| rsync_cv_HAVE_SECURE_MKSTEMP=${rsync_cv_HAVE_SECURE_MKSTEMP=yes}
| rsync_cv_REPLACE_INET_NTOA=${rsync_cv_REPLACE_INET_NTOA=no}
| rsync_cv_REPLACE_INET_ATON=${rsync_cv_REPLACE_INET_ATON=no}
| 
| # samba
| samba_cv_HAVE_GETTIMEOFDAY_TZ=${samba_cv_HAVE_GETTIMEOFDAY_TZ=yes}
| 
| # screen
| screen_cv_sys_bcopy_overlap=${screen_cv_sys_bcopy_overlap=no}
| screen_cv_sys_memcpy_overlap=${screen_cv_sys_memcpy_overlap=no}
| screen_cv_sys_memmove_overlap=${screen_cv_sys_memmove_overlap=no}
| screen_cv_sys_fifo_broken_impl=${screen_cv_sys_fifo_broken_impl=yes}
| screen_cv_sys_fifo_usable=${screen_cv_sys_fifo_usable=yes}
| screen_cv_sys_select_broken_retval=${screen_cv_sys_select_broken_retval=no}
| screen_cv_sys_sockets_nofs=${screen_cv_sys_sockets_nofs=no}
| screen_cv_sys_sockets_usable=${screen_cv_sys_sockets_usable=yes}
| screen_cv_sys_terminfo_used=${screen_cv_sys_terminfo_used=yes}
| 
| # slrn
| slrn_cv___va_copy=${slrn_cv___va_copy=yes}
| slrn_cv_va_copy=${slrn_cv_va_copy=no}
| slrn_cv_va_val_copy=${slrn_cv_va_val_copy=yes}
| 
| # ssh
| ac_cv_have_space_d_name_in_struct_dirent=${ac_cv_dirent_have_space_d_name=yes}
| ac_cv_have_broken_snprintf=${ac_cv_have_broken_snprintf=no}
| ac_cv_have_accrights_in_msghdr=${ac_cv_have_accrights_in_msghdr=no}
| ac_cv_have_control_in_msghdr=${ac_cv_have_control_in_msghdr=yes}
| ac_cv_type_struct_timespec=${ac_cv_type_struct_timespec=yes}
| ac_cv_have_openpty_ctty_bug=${ac_cv_have_openpty_ctty_bug=yes}
| 
| # startup-notification
| lf_cv_sane_realloc=yes
| 
| # sudo
| sudo_cv_uid_t_len=${sudo_cv_uid_t_len=10}
| 
| # xffm
| jm_cv_func_working_readdir=yes
| 
| # xorg X11R7
| ac_cv_sys_linker_h=${ac_cv_sys_linker_h=no}
| ac_cv_file__usr_share_X11_sgml_defs_ent=${ac_cv_file__usr_share_X11_sgml_defs_ent=no}
| 
| # eds-dbus
| ac_cv_libiconv_utf8=${ac_cv_libiconv_utf8=yes}
| 
| #dbus
| ac_cv_have_abstract_sockets=${ac_cv_have_abstract_sockets=yes}
| # libelf
| mr_cv_target_elf=${mr_cv_target_elf=yes}
| 
| # Normally kernels have /dev/random enabled
| ac_cv_file__dev_random=${ac_cv_file__dev_random=yes}
| 
| # libelf
| mr_cv_target_elf=${mr_cv_target_elf=yes}
| 
| # Normally kernels have /dev/random enabled
| ac_cv_file__dev_random=${ac_cv_file__dev_random=yes}
| 
configure:1828: checking for a BSD-compatible install
configure:1884: result: /usr/bin/install -c
configure:1895: checking whether build environment is sane
configure:1938: result: yes
configure:1966: checking for a thread-safe mkdir -p
configure:2005: result: /bin/mkdir -p
configure:2018: checking for gawk
configure:2034: found /usr/bin/gawk
configure:2045: result: gawk
configure:2056: checking whether make sets $(MAKE)
configure:2077: result: yes
configure:2157: checking for arm-angstrom-linux-gnueabi-strip
configure:2184: result: arm-angstrom-linux-gnueabi-strip
configure:2265: checking whether to enable maintainer-specific portions of Makefiles
configure:2274: result: no
configure:2296: checking build system type
configure:2314: result: i686-pc-linux-gnu
configure:2336: checking host system type
configure:2351: result: arm-angstrom-linux-gnueabi
configure:2373: checking target system type
configure:2388: result: arm-angstrom-linux-gnueabi
configure:2417: checking checking whether to use x86 asm versions of some functions
configure:2439: result: no
configure:2470: checking for arm-angstrom-linux-gnueabi-gcc
configure:2497: result: ccache arm-angstrom-linux-gnueabi-gcc -march=armv4t -mtune=arm920t
configure:2775: checking for C compiler version
configure:2782: ccache arm-angstrom-linux-gnueabi-gcc -march=armv4t -mtune=arm920t --version >&5
arm-angstrom-linux-gnueabi-gcc (GCC) 4.1.2
Copyright (C) 2006 Free Software Foundation, Inc.
This is free software; see the source for copying conditions.  There is NO
warranty; not even for MERCHANTABILITY or FITNESS FOR A PARTICULAR PURPOSE.

configure:2785: $? = 0
configure:2792: ccache arm-angstrom-linux-gnueabi-gcc -march=armv4t -mtune=arm920t -v >&5
Using built-in specs.
Target: arm-angstrom-linux-gnueabi
Configured with: /space/fic/openmoko-daily/neo1973/work/i686-armv4t-sdk-angstrom-linux-gnueabi/gcc-cross-sdk-4.1.2-r6/gcc-4.1.2/configure --build=i686-linux --host=i686-linux --target=arm-angstrom-linux-gnueabi --prefix=/usr/local/openmoko/arm --exec_prefix=/usr/local/openmoko/arm --bindir=/usr/local/openmoko/arm/bin --sbindir=/usr/local/openmoko/arm/bin --libexecdir=/usr/local/openmoko/arm/libexec --datadir=/usr/local/openmoko/arm/share --sysconfdir=/usr/local/openmoko/arm/etc --sharedstatedir=/usr/local/openmoko/arm/share/com --localstatedir=/usr/local/openmoko/arm/var --libdir=/usr/local/openmoko/arm/lib --includedir=/usr/local/openmoko/arm/include --oldincludedir=/usr/local/openmoko/arm/include --infodir=/usr/local/openmoko/arm/share/info --mandir=/usr/local/openmoko/arm/share/man --enable-mainainer-mode --with-gnu-ld --enable-shared --enable-target-optspace --enable-languages=c,c++ --enable-threads=posix --enable-multilib --enable-c99 --enable-long-long --enable-symvers=gnu --enable-libstdcxx-pch --program-prefix=arm-angstrom-linux-gnueabi- --disable-libssp --disable-libmudflap --with-float=soft --with-local-prefix=/space/fic/openmoko-daily/neo1973/staging/arm-angstrom-linux-gnueabi/usr --with-gxx-include-dir=/space/fic/openmoko-daily/neo1973/staging/arm-angstrom-linux-gnueabi//usr/include/c++ --with-sysroot=/usr/local/openmoko/arm/arm-angstrom-linux-gnueabi --with-build-sysroot=/space/fic/openmoko-daily/neo1973/staging/arm-angstrom-linux-gnueabi --disable-libunwind-exceptions --with-mpfr=/space/fic/openmoko-daily/neo1973/staging/i686-linux/usr --enable-__cxa_atexit : (reconfigured) /space/fic/openmoko-daily/neo1973/work/i686-armv4t-sdk-angstrom-linux-gnueabi/gcc-cross-sdk-4.1.2-r6/gcc-4.1.2/configure --build=i686-linux --host=i686-linux --target=arm-angstrom-linux-gnueabi --prefix=/usr/local/openmoko/arm --exec_prefix=/usr/local/openmoko/arm --bindir=/usr/local/openmoko/arm/bin --sbindir=/usr/local/openmoko/arm/bin --libexecdir=/usr/local/openmoko/arm/libexec --datadir=/usr/local/openmoko/arm/share --sysconfdir=/usr/local/openmoko/arm/etc --sharedstatedir=/usr/local/openmoko/arm/share/com --localstatedir=/usr/local/openmoko/arm/var --libdir=/usr/local/openmoko/arm/lib --includedir=/usr/local/openmoko/arm/include --oldincludedir=/usr/local/openmoko/arm/include --infodir=/usr/local/openmoko/arm/share/info --mandir=/usr/local/openmoko/arm/share/man --enable-mainainer-mode --with-gnu-ld --enable-shared --enable-target-optspace --enable-languages=c,c++ --enable-threads=posix --enable-multilib --enable-c99 --enable-long-long --enable-symvers=gnu --enable-libstdcxx-pch --program-prefix=arm-angstrom-linux-gnueabi- --disable-libssp --disable-libmudflap --with-float=soft --with-local-prefix=/space/fic/openmoko-daily/neo1973/staging/arm-angstrom-linux-gnueabi/usr --with-gxx-include-dir=/space/fic/openmoko-daily/neo1973/staging/arm-angstrom-linux-gnueabi//usr/include/c++ --with-sysroot=/usr/local/openmoko/arm/arm-angstrom-linux-gnueabi --with-build-sysroot=/space/fic/openmoko-daily/neo1973/staging/arm-angstrom-linux-gnueabi --disable-libunwind-exceptions --with-mpfr=/space/fic/openmoko-daily/neo1973/staging/i686-linux/usr --enable-__cxa_atexit
Thread model: posix
gcc version 4.1.2
configure:2795: $? = 0
configure:2802: ccache arm-angstrom-linux-gnueabi-gcc -march=armv4t -mtune=arm920t -V >&5
arm-angstrom-linux-gnueabi-gcc: '-V' must come at the start of the command line
configure:2805: $? = 1
configure:2828: checking for C compiler default output file name
configure:2855: ccache arm-angstrom-linux-gnueabi-gcc -march=armv4t -mtune=arm920t -isystem/usr/local/openmoko/arm/arm-angstrom-linux-gnueabi/include -fexpensive-optimizations -fomit-frame-pointer -frename-registers -Os -isystem/usr/local/openmoko/arm/arm-angstrom-linux-gnueabi/include -L/usr/local/openmoko/arm/arm-angstrom-linux-gnueabi/lib -Wl,-rpath-link,/usr/local/openmoko/arm/arm-angstrom-linux-gnueabi/lib -Wl,-O1 conftest.c  >&5
configure:2858: $? = 0
configure:2896: result: a.out
configure:2913: checking whether the C compiler works
configure:2943: result: yes
configure:2950: checking whether we are cross compiling
configure:2952: result: yes
configure:2955: checking for suffix of executables
configure:2962: ccache arm-angstrom-linux-gnueabi-gcc -march=armv4t -mtune=arm920t -o conftest -isystem/usr/local/openmoko/arm/arm-angstrom-linux-gnueabi/include -fexpensive-optimizations -fomit-frame-pointer -frename-registers -Os -isystem/usr/local/openmoko/arm/arm-angstrom-linux-gnueabi/include -L/usr/local/openmoko/arm/arm-angstrom-linux-gnueabi/lib -Wl,-rpath-link,/usr/local/openmoko/arm/arm-angstrom-linux-gnueabi/lib -Wl,-O1 conftest.c  >&5
configure:2965: $? = 0
configure:2989: result: 
configure:2995: checking for suffix of object files
configure:3021: ccache arm-angstrom-linux-gnueabi-gcc -march=armv4t -mtune=arm920t -c -isystem/usr/local/openmoko/arm/arm-angstrom-linux-gnueabi/include -fexpensive-optimizations -fomit-frame-pointer -frename-registers -Os -isystem/usr/local/openmoko/arm/arm-angstrom-linux-gnueabi/include conftest.c >&5
configure:3024: $? = 0
configure:3047: result: o
configure:3051: checking whether we are using the GNU C compiler
configure:3080: ccache arm-angstrom-linux-gnueabi-gcc -march=armv4t -mtune=arm920t -c -isystem/usr/local/openmoko/arm/arm-angstrom-linux-gnueabi/include -fexpensive-optimizations -fomit-frame-pointer -frename-registers -Os -isystem/usr/local/openmoko/arm/arm-angstrom-linux-gnueabi/include conftest.c >&5
configure:3086: $? = 0
configure:3103: result: yes
configure:3108: checking whether ccache arm-angstrom-linux-gnueabi-gcc -march=armv4t -mtune=arm920t accepts -g
configure:3138: ccache arm-angstrom-linux-gnueabi-gcc -march=armv4t -mtune=arm920t -c -g -isystem/usr/local/openmoko/arm/arm-angstrom-linux-gnueabi/include conftest.c >&5
configure:3144: $? = 0
configure:3243: result: yes
configure:3260: checking for ccache arm-angstrom-linux-gnueabi-gcc -march=armv4t -mtune=arm920t option to accept ISO C89
configure:3334: ccache arm-angstrom-linux-gnueabi-gcc -march=armv4t -mtune=arm920t  -c -isystem/usr/local/openmoko/arm/arm-angstrom-linux-gnueabi/include -fexpensive-optimizations -fomit-frame-pointer -frename-registers -Os -isystem/usr/local/openmoko/arm/arm-angstrom-linux-gnueabi/include conftest.c >&5
configure:3340: $? = 0
configure:3363: result: none needed
configure:3392: checking for style of include used by make
configure:3420: result: GNU
configure:3445: checking dependency style of ccache arm-angstrom-linux-gnueabi-gcc -march=armv4t -mtune=arm920t
configure:3536: result: gcc3
configure:3551: checking whether ln -s works
configure:3555: result: yes
configure:3565: checking for arm-angstrom-linux-gnueabi-ranlib
configure:3592: result: arm-angstrom-linux-gnueabi-ranlib
configure:3705: checking if malloc debugging is wanted
configure:3725: result: no
configure:3737: checking for an ANSI C-conforming const
configure:3812: ccache arm-angstrom-linux-gnueabi-gcc -march=armv4t -mtune=arm920t -c -isystem/usr/local/openmoko/arm/arm-angstrom-linux-gnueabi/include -fexpensive-optimizations -fomit-frame-pointer -frename-registers -Os -I$(top_srcdir)/src -isystem/usr/local/openmoko/arm/arm-angstrom-linux-gnueabi/include conftest.c >&5
configure:3818: $? = 0
configure:3833: result: yes
configure:3843: checking for inline
configure:3869: ccache arm-angstrom-linux-gnueabi-gcc -march=armv4t -mtune=arm920t -c -isystem/usr/local/openmoko/arm/arm-angstrom-linux-gnueabi/include -fexpensive-optimizations -fomit-frame-pointer -frename-registers -Os -I$(top_srcdir)/src -isystem/usr/local/openmoko/arm/arm-angstrom-linux-gnueabi/include conftest.c >&5
configure:3875: $? = 0
configure:3893: result: inline
configure:4787: checking for uid_t in sys/types.h
configure:4810: result: {ac_cv_type_uid_t=yes}
configure:4825: checking for size_t
configure:4855: ccache arm-angstrom-linux-gnueabi-gcc -march=armv4t -mtune=arm920t -c -isystem/usr/local/openmoko/arm/arm-angstrom-linux-gnueabi/include -fexpensive-optimizations -fomit-frame-pointer -frename-registers -Os -I$(top_srcdir)/src -isystem/usr/local/openmoko/arm/arm-angstrom-linux-gnueabi/include conftest.c >&5
configure:4861: $? = 0
configure:4876: result: yes
configure:4888: checking whether sys_siglist is declared
configure:4944: result: yes
configure:4963: checking for sys/wait.h that is POSIX.1 compatible
configure:4999: ccache arm-angstrom-linux-gnueabi-gcc -march=armv4t -mtune=arm920t -c -isystem/usr/local/openmoko/arm/arm-angstrom-linux-gnueabi/include -fexpensive-optimizations -fomit-frame-pointer -frename-registers -Os -I$(top_srcdir)/src -isystem/usr/local/openmoko/arm/arm-angstrom-linux-gnueabi/include conftest.c >&5
configure:5005: $? = 0
configure:5020: result: yes
configure:5046: checking unistd.h usability
configure:5063: ccache arm-angstrom-linux-gnueabi-gcc -march=armv4t -mtune=arm920t -c -isystem/usr/local/openmoko/arm/arm-angstrom-linux-gnueabi/include -fexpensive-optimizations -fomit-frame-pointer -frename-registers -Os -I$(top_srcdir)/src -isystem/usr/local/openmoko/arm/arm-angstrom-linux-gnueabi/include conftest.c >&5
configure:5069: $? = 0
configure:5083: result: yes
configure:5087: checking unistd.h presence
configure:5102: arm-angstrom-linux-gnueabi-gcc -E -isystem/usr/local/openmoko/arm/arm-angstrom-linux-gnueabi/include conftest.c
configure:5108: $? = 0
configure:5122: result: yes
configure:5150: checking for unistd.h
configure:5158: result: yes
configure:5046: checking asm/byteorder.h usability
configure:5063: ccache arm-angstrom-linux-gnueabi-gcc -march=armv4t -mtune=arm920t -c -isystem/usr/local/openmoko/arm/arm-angstrom-linux-gnueabi/include -fexpensive-optimizations -fomit-frame-pointer -frename-registers -Os -I$(top_srcdir)/src -isystem/usr/local/openmoko/arm/arm-angstrom-linux-gnueabi/include conftest.c >&5
configure:5069: $? = 0
configure:5083: result: yes
configure:5087: checking asm/byteorder.h presence
configure:5102: arm-angstrom-linux-gnueabi-gcc -E -isystem/usr/local/openmoko/arm/arm-angstrom-linux-gnueabi/include conftest.c
configure:5108: $? = 0
configure:5122: result: yes
configure:5150: checking for asm/byteorder.h
configure:5158: result: yes
configure:5172: checking for stricmp
configure:5228: ccache arm-angstrom-linux-gnueabi-gcc -march=armv4t -mtune=arm920t -o conftest -isystem/usr/local/openmoko/arm/arm-angstrom-linux-gnueabi/include -fexpensive-optimizations -fomit-frame-pointer -frename-registers -Os -I$(top_srcdir)/src -isystem/usr/local/openmoko/arm/arm-angstrom-linux-gnueabi/include -L/usr/local/openmoko/arm/arm-angstrom-linux-gnueabi/lib -Wl,-rpath-link,/usr/local/openmoko/arm/arm-angstrom-linux-gnueabi/lib -Wl,-O1 conftest.c  >&5
/tmp/ccmvKowb.o: In function `main':
conftest.c:(.text+0x8): undefined reference to `stricmp'
collect2: ld returned 1 exit status
configure:5234: $? = 1
configure: failed program was:
| /* confdefs.h.  */
| #define PACKAGE_NAME "prboom"
| #define PACKAGE_TARNAME "prboom"
| #define PACKAGE_VERSION "2.4.7"
| #define PACKAGE_STRING "prboom 2.4.7"
| #define PACKAGE_BUGREPORT ""
| #define PACKAGE "prboom"
| #define VERSION "2.4.7"
| #define DOOMWADDIR "/usr/share/games/doom"
| #define PACKEDATTR __attribute__((packed))
| #define HAVE_DECL_SYS_SIGLIST 1
| #define HAVE_SYS_WAIT_H 1
| #define HAVE_UNISTD_H 1
| #define HAVE_ASM_BYTEORDER_H 1
| /* end confdefs.h.  */
| /* Define stricmp to an innocuous variant, in case <limits.h> declares stricmp.
|    For example, HP-UX 11i <limits.h> declares gettimeofday.  */
| #define stricmp innocuous_stricmp
| 
| /* System header to define __stub macros and hopefully few prototypes,
|     which can conflict with char stricmp (); below.
|     Prefer <limits.h> to <assert.h> if __STDC__ is defined, since
|     <limits.h> exists even on freestanding compilers.  */
| 
| #ifdef __STDC__
| # include <limits.h>
| #else
| # include <assert.h>
| #endif
| 
| #undef stricmp
| 
| /* Override any GCC internal prototype to avoid an error.
|    Use char because int might match the return type of a GCC
|    builtin and then its argument prototype would still apply.  */
| #ifdef __cplusplus
| extern "C"
| #endif
| char stricmp ();
| /* The GNU C library defines this for functions which it implements
|     to always fail with ENOSYS.  Some functions are actually named
|     something starting with __ and the normal name is an alias.  */
| #if defined __stub_stricmp || defined __stub___stricmp
| choke me
| #endif
| 
| int
| main ()
| {
| return stricmp ();
|   ;
|   return 0;
| }
configure:5251: result: no
configure:5263: checking for strnicmp
configure:5319: ccache arm-angstrom-linux-gnueabi-gcc -march=armv4t -mtune=arm920t -o conftest -isystem/usr/local/openmoko/arm/arm-angstrom-linux-gnueabi/include -fexpensive-optimizations -fomit-frame-pointer -frename-registers -Os -I$(top_srcdir)/src -isystem/usr/local/openmoko/arm/arm-angstrom-linux-gnueabi/include -L/usr/local/openmoko/arm/arm-angstrom-linux-gnueabi/lib -Wl,-rpath-link,/usr/local/openmoko/arm/arm-angstrom-linux-gnueabi/lib -Wl,-O1 conftest.c  >&5
/tmp/ccUInl0D.o: In function `main':
conftest.c:(.text+0x8): undefined reference to `strnicmp'
collect2: ld returned 1 exit status
configure:5325: $? = 1
configure: failed program was:
| /* confdefs.h.  */
| #define PACKAGE_NAME "prboom"
| #define PACKAGE_TARNAME "prboom"
| #define PACKAGE_VERSION "2.4.7"
| #define PACKAGE_STRING "prboom 2.4.7"
| #define PACKAGE_BUGREPORT ""
| #define PACKAGE "prboom"
| #define VERSION "2.4.7"
| #define DOOMWADDIR "/usr/share/games/doom"
| #define PACKEDATTR __attribute__((packed))
| #define HAVE_DECL_SYS_SIGLIST 1
| #define HAVE_SYS_WAIT_H 1
| #define HAVE_UNISTD_H 1
| #define HAVE_ASM_BYTEORDER_H 1
| #define stricmp strcasecmp
| /* end confdefs.h.  */
| /* Define strnicmp to an innocuous variant, in case <limits.h> declares strnicmp.
|    For example, HP-UX 11i <limits.h> declares gettimeofday.  */
| #define strnicmp innocuous_strnicmp
| 
| /* System header to define __stub macros and hopefully few prototypes,
|     which can conflict with char strnicmp (); below.
|     Prefer <limits.h> to <assert.h> if __STDC__ is defined, since
|     <limits.h> exists even on freestanding compilers.  */
| 
| #ifdef __STDC__
| # include <limits.h>
| #else
| # include <assert.h>
| #endif
| 
| #undef strnicmp
| 
| /* Override any GCC internal prototype to avoid an error.
|    Use char because int might match the return type of a GCC
|    builtin and then its argument prototype would still apply.  */
| #ifdef __cplusplus
| extern "C"
| #endif
| char strnicmp ();
| /* The GNU C library defines this for functions which it implements
|     to always fail with ENOSYS.  Some functions are actually named
|     something starting with __ and the normal name is an alias.  */
| #if defined __stub_strnicmp || defined __stub___strnicmp
| choke me
| #endif
| 
| int
| main ()
| {
| return strnicmp ();
|   ;
|   return 0;
| }
configure:5342: result: no
configure:5365: checking for getopt
configure:5421: ccache arm-angstrom-linux-gnueabi-gcc -march=armv4t -mtune=arm920t -o conftest -isystem/usr/local/openmoko/arm/arm-angstrom-linux-gnueabi/include -fexpensive-optimizations -fomit-frame-pointer -frename-registers -Os -I$(top_srcdir)/src -isystem/usr/local/openmoko/arm/arm-angstrom-linux-gnueabi/include -L/usr/local/openmoko/arm/arm-angstrom-linux-gnueabi/lib -Wl,-rpath-link,/usr/local/openmoko/arm/arm-angstrom-linux-gnueabi/lib -Wl,-O1 conftest.c  >&5
configure:5427: $? = 0
configure:5445: result: yes
configure:5365: checking for inet_aton
configure:5421: ccache arm-angstrom-linux-gnueabi-gcc -march=armv4t -mtune=arm920t -o conftest -isystem/usr/local/openmoko/arm/arm-angstrom-linux-gnueabi/include -fexpensive-optimizations -fomit-frame-pointer -frename-registers -Os -I$(top_srcdir)/src -isystem/usr/local/openmoko/arm/arm-angstrom-linux-gnueabi/include -L/usr/local/openmoko/arm/arm-angstrom-linux-gnueabi/lib -Wl,-rpath-link,/usr/local/openmoko/arm/arm-angstrom-linux-gnueabi/lib -Wl,-O1 conftest.c  >&5
configure:5427: $? = 0
configure:5445: result: yes
configure:5365: checking for inet_pton
configure:5421: ccache arm-angstrom-linux-gnueabi-gcc -march=armv4t -mtune=arm920t -o conftest -isystem/usr/local/openmoko/arm/arm-angstrom-linux-gnueabi/include -fexpensive-optimizations -fomit-frame-pointer -frename-registers -Os -I$(top_srcdir)/src -isystem/usr/local/openmoko/arm/arm-angstrom-linux-gnueabi/include -L/usr/local/openmoko/arm/arm-angstrom-linux-gnueabi/lib -Wl,-rpath-link,/usr/local/openmoko/arm/arm-angstrom-linux-gnueabi/lib -Wl,-O1 conftest.c  >&5
configure:5427: $? = 0
configure:5445: result: yes
configure:5365: checking for inet_ntop
configure:5421: ccache arm-angstrom-linux-gnueabi-gcc -march=armv4t -mtune=arm920t -o conftest -isystem/usr/local/openmoko/arm/arm-angstrom-linux-gnueabi/include -fexpensive-optimizations -fomit-frame-pointer -frename-registers -Os -I$(top_srcdir)/src -isystem/usr/local/openmoko/arm/arm-angstrom-linux-gnueabi/include -L/usr/local/openmoko/arm/arm-angstrom-linux-gnueabi/lib -Wl,-rpath-link,/usr/local/openmoko/arm/arm-angstrom-linux-gnueabi/lib -Wl,-O1 conftest.c  >&5
configure:5427: $? = 0
configure:5445: result: yes
configure:5365: checking for snprintf
configure:5421: ccache arm-angstrom-linux-gnueabi-gcc -march=armv4t -mtune=arm920t -o conftest -isystem/usr/local/openmoko/arm/arm-angstrom-linux-gnueabi/include -fexpensive-optimizations -fomit-frame-pointer -frename-registers -Os -I$(top_srcdir)/src -isystem/usr/local/openmoko/arm/arm-angstrom-linux-gnueabi/include -L/usr/local/openmoko/arm/arm-angstrom-linux-gnueabi/lib -Wl,-rpath-link,/usr/local/openmoko/arm/arm-angstrom-linux-gnueabi/lib -Wl,-O1 conftest.c  >&5
conftest.c:45: warning: conflicting types for built-in function 'snprintf'
configure:5427: $? = 0
configure:5445: result: yes
configure:5365: checking for vsnprintf
configure:5421: ccache arm-angstrom-linux-gnueabi-gcc -march=armv4t -mtune=arm920t -o conftest -isystem/usr/local/openmoko/arm/arm-angstrom-linux-gnueabi/include -fexpensive-optimizations -fomit-frame-pointer -frename-registers -Os -I$(top_srcdir)/src -isystem/usr/local/openmoko/arm/arm-angstrom-linux-gnueabi/include -L/usr/local/openmoko/arm/arm-angstrom-linux-gnueabi/lib -Wl,-rpath-link,/usr/local/openmoko/arm/arm-angstrom-linux-gnueabi/lib -Wl,-O1 conftest.c  >&5
conftest.c:46: warning: conflicting types for built-in function 'vsnprintf'
configure:5427: $? = 0
configure:5445: result: yes
configure:5365: checking for mmap
configure:5421: ccache arm-angstrom-linux-gnueabi-gcc -march=armv4t -mtune=arm920t -o conftest -isystem/usr/local/openmoko/arm/arm-angstrom-linux-gnueabi/include -fexpensive-optimizations -fomit-frame-pointer -frename-registers -Os -I$(top_srcdir)/src -isystem/usr/local/openmoko/arm/arm-angstrom-linux-gnueabi/include -L/usr/local/openmoko/arm/arm-angstrom-linux-gnueabi/lib -Wl,-rpath-link,/usr/local/openmoko/arm/arm-angstrom-linux-gnueabi/lib -Wl,-O1 conftest.c  >&5
configure:5427: $? = 0
configure:5445: result: yes
configure:5365: checking for usleep
configure:5421: ccache arm-angstrom-linux-gnueabi-gcc -march=armv4t -mtune=arm920t -o conftest -isystem/usr/local/openmoko/arm/arm-angstrom-linux-gnueabi/include -fexpensive-optimizations -fomit-frame-pointer -frename-registers -Os -I$(top_srcdir)/src -isystem/usr/local/openmoko/arm/arm-angstrom-linux-gnueabi/include -L/usr/local/openmoko/arm/arm-angstrom-linux-gnueabi/lib -Wl,-rpath-link,/usr/local/openmoko/arm/arm-angstrom-linux-gnueabi/lib -Wl,-O1 conftest.c  >&5
configure:5427: $? = 0
configure:5445: result: yes
configure:5457: checking for pow in -lm
configure:5492: ccache arm-angstrom-linux-gnueabi-gcc -march=armv4t -mtune=arm920t -o conftest -isystem/usr/local/openmoko/arm/arm-angstrom-linux-gnueabi/include -fexpensive-optimizations -fomit-frame-pointer -frename-registers -Os -I$(top_srcdir)/src -isystem/usr/local/openmoko/arm/arm-angstrom-linux-gnueabi/include -L/usr/local/openmoko/arm/arm-angstrom-linux-gnueabi/lib -Wl,-rpath-link,/usr/local/openmoko/arm/arm-angstrom-linux-gnueabi/lib -Wl,-O1 conftest.c -lm   >&5
conftest.c:33: warning: conflicting types for built-in function 'pow'
configure:5498: $? = 0
configure:5516: result: yes
configure:5678: checking for sdl-config
configure:5696: found /usr/bin/sdl-config
configure:5709: result: /usr/bin/sdl-config
configure:5718: checking for SDL - version >= 1.1.3
configure:5848: result: yes
configure:5948: checking for SDL_JoystickGetAxis
configure:6004: ccache arm-angstrom-linux-gnueabi-gcc -march=armv4t -mtune=arm920t -o conftest -isystem/usr/local/openmoko/arm/arm-angstrom-linux-gnueabi/include -fexpensive-optimizations -fomit-frame-pointer -frename-registers -Os -I$(top_srcdir)/src -isystem/usr/local/openmoko/arm/arm-angstrom-linux-gnueabi/include -L/usr/local/openmoko/arm/arm-angstrom-linux-gnueabi/lib -Wl,-rpath-link,/usr/local/openmoko/arm/arm-angstrom-linux-gnueabi/lib -Wl,-O1 conftest.c -lm  -L/usr/lib -lSDL >&5
/usr/local/openmoko/arm/lib/gcc/arm-angstrom-linux-gnueabi/4.1.2/../../../../arm-angstrom-linux-gnueabi/bin/ld: skipping incompatible /usr/lib/libm.so when searching for -lm
/usr/local/openmoko/arm/lib/gcc/arm-angstrom-linux-gnueabi/4.1.2/../../../../arm-angstrom-linux-gnueabi/bin/ld: skipping incompatible /usr/lib/libm.a when searching for -lm
configure:6010: $? = 0
configure:6028: result: yes
configure:6039: checking for Mix_LoadMUS in -lSDL_mixer
configure:6074: ccache arm-angstrom-linux-gnueabi-gcc -march=armv4t -mtune=arm920t -o conftest -isystem/usr/local/openmoko/arm/arm-angstrom-linux-gnueabi/include -fexpensive-optimizations -fomit-frame-pointer -frename-registers -Os -I$(top_srcdir)/src -isystem/usr/local/openmoko/arm/arm-angstrom-linux-gnueabi/include -L/usr/local/openmoko/arm/arm-angstrom-linux-gnueabi/lib -Wl,-rpath-link,/usr/local/openmoko/arm/arm-angstrom-linux-gnueabi/lib -Wl,-O1 conftest.c -lSDL_mixer -L/usr/lib -lSDL  -lm  >&5
/usr/local/openmoko/arm/lib/gcc/arm-angstrom-linux-gnueabi/4.1.2/../../../../arm-angstrom-linux-gnueabi/bin/ld: skipping incompatible /usr/lib/libm.so when searching for -lm
/usr/local/openmoko/arm/lib/gcc/arm-angstrom-linux-gnueabi/4.1.2/../../../../arm-angstrom-linux-gnueabi/bin/ld: skipping incompatible /usr/lib/libm.a when searching for -lm
configure:6080: $? = 0
configure:6098: result: yes
configure:6117: checking for SDLNet_UDP_Bind in -lSDL_net
configure:6152: ccache arm-angstrom-linux-gnueabi-gcc -march=armv4t -mtune=arm920t -o conftest -isystem/usr/local/openmoko/arm/arm-angstrom-linux-gnueabi/include -fexpensive-optimizations -fomit-frame-pointer -frename-registers -Os -I$(top_srcdir)/src -isystem/usr/local/openmoko/arm/arm-angstrom-linux-gnueabi/include -L/usr/local/openmoko/arm/arm-angstrom-linux-gnueabi/lib -Wl,-rpath-link,/usr/local/openmoko/arm/arm-angstrom-linux-gnueabi/lib -Wl,-O1 conftest.c -lSDL_net -L/usr/lib -lSDL -lm  >&5
/usr/local/openmoko/arm/lib/gcc/arm-angstrom-linux-gnueabi/4.1.2/../../../../arm-angstrom-linux-gnueabi/bin/ld: skipping incompatible /usr/lib/libm.so when searching for -lm
/usr/local/openmoko/arm/lib/gcc/arm-angstrom-linux-gnueabi/4.1.2/../../../../arm-angstrom-linux-gnueabi/bin/ld: skipping incompatible /usr/lib/libm.a when searching for -lm
configure:6158: $? = 0
configure:6176: result: yes
configure:6221: ccache arm-angstrom-linux-gnueabi-gcc -march=armv4t -mtune=arm920t -c -isystem/usr/local/openmoko/arm/arm-angstrom-linux-gnueabi/include -fexpensive-optimizations -fomit-frame-pointer -frename-registers -Os -I$(top_srcdir)/src -I/usr/include/SDL -D_GNU_SOURCE=1 -D_REENTRANT -isystem/usr/local/openmoko/arm/arm-angstrom-linux-gnueabi/include conftest.c >&5
conftest.c: In function 'main':
conftest.c:39: error: 'UDPpacket' has no member named 'src'
configure:6227: $? = 1
configure: failed program was:
| /* confdefs.h.  */
| #define PACKAGE_NAME "prboom"
| #define PACKAGE_TARNAME "prboom"
| #define PACKAGE_VERSION "2.4.7"
| #define PACKAGE_STRING "prboom 2.4.7"
| #define PACKAGE_BUGREPORT ""
| #define PACKAGE "prboom"
| #define VERSION "2.4.7"
| #define DOOMWADDIR "/usr/share/games/doom"
| #define PACKEDATTR __attribute__((packed))
| #define HAVE_DECL_SYS_SIGLIST 1
| #define HAVE_SYS_WAIT_H 1
| #define HAVE_UNISTD_H 1
| #define HAVE_ASM_BYTEORDER_H 1
| #define stricmp strcasecmp
| #define strnicmp strncasecmp
| #define HAVE_GETOPT 1
| #define HAVE_INET_ATON 1
| #define HAVE_INET_PTON 1
| #define HAVE_INET_NTOP 1
| #define HAVE_SNPRINTF 1
| #define HAVE_VSNPRINTF 1
| #define HAVE_MMAP 1
| #define HAVE_USLEEP 1
| #define HAVE_LIBM 1
| #define HAVE_SDL_JOYSTICKGETAXIS 1
| #define HAVE_LIBSDL_MIXER 1
| #define HAVE_LIBSDL_NET 1
| #define USE_SDL_NET 1
| /* end confdefs.h.  */
| 
| 	#include "SDL_net.h"
| 
| int
| main ()
| {
| 
| 	UDPpacket *p;
| 	int n = sizeof(p->src);
| 
|   ;
|   return 0;
| }
configure:6262: checking for png_create_info_struct in -lpng
configure:6297: ccache arm-angstrom-linux-gnueabi-gcc -march=armv4t -mtune=arm920t -o conftest -isystem/usr/local/openmoko/arm/arm-angstrom-linux-gnueabi/include -fexpensive-optimizations -fomit-frame-pointer -frename-registers -Os -I$(top_srcdir)/src -isystem/usr/local/openmoko/arm/arm-angstrom-linux-gnueabi/include -L/usr/local/openmoko/arm/arm-angstrom-linux-gnueabi/lib -Wl,-rpath-link,/usr/local/openmoko/arm/arm-angstrom-linux-gnueabi/lib -Wl,-O1 conftest.c -lpng  -lm  >&5
configure:6303: $? = 0
configure:6321: result: yes
configure:6560: creating ./config.status

## ---------------------- ##
## Running config.status. ##
## ---------------------- ##

This file was extended by prboom config.status 2.4.7, which was
generated by GNU Autoconf 2.61.  Invocation command line was

  CONFIG_FILES    = 
  CONFIG_HEADERS  = 
  CONFIG_LINKS    = 
  CONFIG_COMMANDS = 
  $ ./config.status 

on OMDevBox

config.status:681: creating Makefile
config.status:681: creating src/Makefile
config.status:681: creating src/POSIX/Makefile
config.status:681: creating src/SDL/Makefile
config.status:681: creating src/MAC/Makefile
config.status:681: creating doc/Makefile
config.status:681: creating data/Makefile
config.status:681: creating ICONS/Makefile
config.status:681: creating VisualC6/Makefile
config.status:681: creating VisualC8/Makefile
config.status:681: creating prboom.spec
config.status:681: creating config.h
config.status:923: config.h is unchanged
config.status:970: executing depfiles commands

## ---------------- ##
## Cache variables. ##
## ---------------- ##

ac_cv___va_copy=yes
ac_cv_af_unix_large_dgram=yes
ac_cv_alignof_CORBA_boolean=1
ac_cv_alignof_CORBA_char=1
ac_cv_alignof_CORBA_double=4
ac_cv_alignof_CORBA_float=4
ac_cv_alignof_CORBA_long=4
ac_cv_alignof_CORBA_long_double=4
ac_cv_alignof_CORBA_long_long=4
ac_cv_alignof_CORBA_octet=1
ac_cv_alignof_CORBA_pointer=4
ac_cv_alignof_CORBA_short=2
ac_cv_alignof_CORBA_struct=4
ac_cv_alignof_CORBA_wchar=2
ac_cv_build=i686-pc-linux-gnu
ac_cv_c_bigendian=no
ac_cv_c_compiler_gnu=yes
ac_cv_c_const=yes
ac_cv_c_inline=inline
ac_cv_c_littleendian=yes
ac_cv_c_long_double=yes
ac_cv_check_sjlj=ssjlj
ac_cv_conv_longlong_to_float=yes
ac_cv_dirent_have_space_d_name=yes
ac_cv_env_CC_set=set
ac_cv_env_CC_value='ccache arm-angstrom-linux-gnueabi-gcc -march=armv4t -mtune=arm920t'
ac_cv_env_CFLAGS_set=set
ac_cv_env_CFLAGS_value='-isystem/usr/local/openmoko/arm/arm-angstrom-linux-gnueabi/include -fexpensive-optimizations -fomit-frame-pointer -frename-registers -Os'
ac_cv_env_CPPFLAGS_set=set
ac_cv_env_CPPFLAGS_value=-isystem/usr/local/openmoko/arm/arm-angstrom-linux-gnueabi/include
ac_cv_env_CPP_set=set
ac_cv_env_CPP_value='arm-angstrom-linux-gnueabi-gcc -E'
ac_cv_env_LDFLAGS_set=set
ac_cv_env_LDFLAGS_value='-L/usr/local/openmoko/arm/arm-angstrom-linux-gnueabi/lib -Wl,-rpath-link,/usr/local/openmoko/arm/arm-angstrom-linux-gnueabi/lib -Wl,-O1'
ac_cv_env_LIBS_set=
ac_cv_env_LIBS_value=
ac_cv_env_build_alias_set=set
ac_cv_env_build_alias_value=i686-linux
ac_cv_env_host_alias_set=set
ac_cv_env_host_alias_value=arm-angstrom-linux-gnueabi
ac_cv_env_target_alias_set=set
ac_cv_env_target_alias_value=arm-angstrom-linux-gnueabi
ac_cv_epoll_works=yes
ac_cv_file__dev_random=yes
ac_cv_file__dev_zero=yes
ac_cv_file__usr_share_X11_sgml_defs_ent=no
ac_cv_file_lib_src_libmad_frame_h=no
ac_cv_func_SDL_JoystickGetAxis=yes
ac_cv_func___va_copy=yes
ac_cv_func_fnmatch_works=yes
ac_cv_func_getaddrinfo=yes
ac_cv_func_getopt=yes
ac_cv_func_getpagesize=yes
ac_cv_func_getpgrp_void=yes
ac_cv_func_getpwuid_r=yes
ac_cv_func_inet_aton=yes
ac_cv_func_inet_ntop=yes
ac_cv_func_inet_pton=yes
ac_cv_func_lstat_dereferences_slashed_symlink=yes
ac_cv_func_lstat_empty_string_bug=no
ac_cv_func_malloc_0_nonnull=yes
ac_cv_func_malloc_works=yes
ac_cv_func_memcmp_working=yes
ac_cv_func_memcpy=yes
ac_cv_func_mmap=yes
ac_cv_func_mmap_fixed_mapped=yes
ac_cv_func_posix_getgrgid_r=yes
ac_cv_func_posix_getpwnam_r=yes
ac_cv_func_posix_getpwuid_r=yes
ac_cv_func_printf_unix98=yes
ac_cv_func_pthread_attr_getstack=yes
ac_cv_func_pthread_key_delete=yes
ac_cv_func_realloc_0_nonnull=yes
ac_cv_func_setpgrp_void=yes
ac_cv_func_setresuid=yes
ac_cv_func_setvbuf_reversed=no
ac_cv_func_snprintf=yes
ac_cv_func_snprintf_c99=yes
ac_cv_func_stat_empty_string_bug=no
ac_cv_func_stat_ignores_trailing_slash=no
ac_cv_func_strerror=yes
ac_cv_func_stricmp=no
ac_cv_func_strnicmp=no
ac_cv_func_usleep=yes
ac_cv_func_va_copy=yes
ac_cv_func_vsnprintf=yes
ac_cv_func_vsnprintf_c99=yes
ac_cv_have_abstract_sockets=yes
ac_cv_have_accrights_in_msghdr=no
ac_cv_have_broken_snprintf=no
ac_cv_have_control_in_msghdr=yes
ac_cv_have_decl_sys_siglist=yes
ac_cv_have_openpty_ctty_bug=yes
ac_cv_have_space_d_name_in_struct_dirent=yes
ac_cv_header_asm_byteorder_h=yes
ac_cv_header_netinet_sctp_h=no
ac_cv_header_netinet_sctp_uio_h=no
ac_cv_header_sys_wait_h=yes
ac_cv_header_unistd_h=yes
ac_cv_host=arm-angstrom-linux-gnueabi
ac_cv_lbl_unaligned_fail=no
ac_cv_lib_SDL_mixer_Mix_LoadMUS=yes
ac_cv_lib_SDL_net_SDLNet_UDP_Bind=yes
ac_cv_lib_m_pow=yes
ac_cv_lib_png_png_create_info_struct=yes
ac_cv_libiconv_utf8=yes
ac_cv_libnet_endianess=lil
ac_cv_linux_vers=2
ac_cv_need_trio=no
ac_cv_objext=o
ac_cv_path_ESD_CONFIG=no
ac_cv_path_SDL_CONFIG=/usr/bin/sdl-config
ac_cv_path_install='/usr/bin/install -c'
ac_cv_path_mkdir=/bin/mkdir
ac_cv_pread=no
ac_cv_prog_AWK=gawk
ac_cv_prog_CC='ccache arm-angstrom-linux-gnueabi-gcc -march=armv4t -mtune=arm920t'
ac_cv_prog_RANLIB=arm-angstrom-linux-gnueabi-ranlib
ac_cv_prog_STRIP=arm-angstrom-linux-gnueabi-strip
ac_cv_prog_cc_c89=
ac_cv_prog_cc_g=yes
ac_cv_prog_make_make_set=yes
ac_cv_pwrite=no
ac_cv_sctp=no
ac_cv_sizeof_char=1
ac_cv_sizeof_char_p=4
ac_cv_sizeof_float=4
ac_cv_sizeof_int=4
ac_cv_sizeof_int_p=4
ac_cv_sizeof_long=4
ac_cv_sizeof_long_long=8
ac_cv_sizeof_long_p=4
ac_cv_sizeof_off_t=4
ac_cv_sizeof_short=2
ac_cv_sizeof_size_t=4
ac_cv_sizeof_ssize_t=4
ac_cv_sizeof_unsigned_char=1
ac_cv_sizeof_unsigned_char_p=4
ac_cv_sizeof_unsigned_int=1
ac_cv_sizeof_unsigned_long=4
ac_cv_sizeof_unsigned_long_long=8
ac_cv_sizeof_unsigned_short=2
ac_cv_sizeof_void_p=4
ac_cv_sizeof_wchar_t=4
ac_cv_sys_linker_h=no
ac_cv_sys_restartable_syscalls=yes
ac_cv_target=arm-angstrom-linux-gnueabi
ac_cv_type_size_t=yes
ac_cv_type_struct_timespec=yes
ac_cv_type_uid_t='{ac_cv_type_uid_t=yes}'
ac_cv_uchar=no
ac_cv_uint=yes
ac_cv_ulong=yes
ac_cv_ushort=yes
ac_cv_va_copy=no
ac_cv_va_val_copy=yes
am_cv_CC_dependencies_compiler_type=gcc3
am_cv_func_working_getline=yes
am_cv_scanf_lld=yes
apr_cv_process_shared_works=no
apr_cv_tcp_nodelay_with_cork=yes
bash_cv_dup2_broken=no
bash_cv_func_sigsetjmp=missing
bash_cv_func_strcoll_broken=no
bash_cv_getcwd_calls_popen=no
bash_cv_getenv_redef=yes
bash_cv_have_mbstate_t=yes
bash_cv_job_control_missing=present
bash_cv_must_reinstall_sighandlers=no
bash_cv_opendir_not_robust=no
bash_cv_pgrp_pipe=no
bash_cv_printf_a_format=yes
bash_cv_sys_named_pipes=present
bash_cv_sys_siglist=yes
bash_cv_type_rlimit=rlim_t
bash_cv_ulimit_maxfds=yes
bash_cv_under_sys_siglist=yes
bash_cv_unusable_rtsigs=no
cvs_cv_func_printf_ptr=yes
db_cv_align_t='unsigned long long'
db_cv_alignp_t='unsigned long'
db_cv_fcntl_f_setfd=yes
db_cv_mutex=x86/gcc-assembly
db_cv_path_ar=/usr/bin/ar
db_cv_path_chmod=/bin/chmod
db_cv_path_cp=/bin/cp
db_cv_path_ln=/bin/ln
db_cv_path_mkdir=/bin/mkdir
db_cv_path_ranlib=/usr/bin/ranlib
db_cv_path_rm=/bin/rm
db_cv_path_sh=/bin/sh
db_cv_path_strip=/usr/bin/strip
db_cv_posixmutexes=no
db_cv_sprintf_count=yes
db_cv_uimutexes=no
dpkg_cv___va_copy=yes
dpkg_cv_va_copy=no
ettercap_cv_type_socklen_t=yes
glib_cv___va_copy=yes
glib_cv_compliant_posix_memalign=1
glib_cv_has__inline=yes
glib_cv_has__inline__=yes
glib_cv_hasinline=yes
glib_cv_long_long_format=ll
glib_cv_rtldglobal_broken=yes
glib_cv_sane_realloc=yes
glib_cv_sizeof_gmutex=24
glib_cv_sizeof_system_thread=4
glib_cv_stack_grows=no
glib_cv_strlcpy=no
glib_cv_sys_pthread_cond_timedwait_posix=yes
glib_cv_sys_pthread_getspecific_posix=yes
glib_cv_sys_pthread_mutex_trylock_posix=yes
glib_cv_uscore=no
glib_cv_use_pid_surrogate=yes
glib_cv_va_copy=yes
glib_cv_va_val_copy=yes
jm_cv_func_gettimeofday_clobber=no
jm_cv_func_working_readdir=yes
lf_cv_sane_realloc=yes
lftp_cv___va_copy=yes
lftp_cv_va_copy=no
libIDL_cv_long_long_format=ll
mono_cv_uscore=no
mr_cv_target_elf=yes
mysql_cv_func_atomic_add=yes
mysql_cv_func_atomic_sub=yes
php_cv_lib_cookie_io_functions_use_off64_t=yes
racoon_cv_bug_getaddrinfo=no
rpppoe_cv_pack_bitfields=rev
rsync_cv_HAVE_BROKEN_LARGEFILE=no
rsync_cv_HAVE_BROKEN_READDIR=no
rsync_cv_HAVE_C99_VSNPRINTF=yes
rsync_cv_HAVE_GETTIMEOFDAY_TZ=yes
rsync_cv_HAVE_LONGLONG=yes
rsync_cv_HAVE_OFF64_T=no
rsync_cv_HAVE_SECURE_MKSTEMP=yes
rsync_cv_HAVE_SHORT_INO_T=no
rsync_cv_HAVE_SOCKETPAIR=yes
rsync_cv_HAVE_UNSIGNED_CHAR=no
rsync_cv_REPLACE_INET_ATON=no
rsync_cv_REPLACE_INET_NTOA=no
samba_cv_HAVE_GETTIMEOFDAY_TZ=yes
screen_cv_sys_bcopy_overlap=no
screen_cv_sys_fifo_broken_impl=yes
screen_cv_sys_fifo_usable=yes
screen_cv_sys_memcpy_overlap=no
screen_cv_sys_memmove_overlap=no
screen_cv_sys_select_broken_retval=no
screen_cv_sys_sockets_nofs=no
screen_cv_sys_sockets_usable=yes
screen_cv_sys_terminfo_used=yes
slrn_cv___va_copy=yes
slrn_cv_va_copy=no
slrn_cv_va_val_copy=yes
sudo_cv_uid_t_len=10
utils_cv_sys_open_max=1015
yeti_cv_func_scanf_modif_size_t=yes

## ----------------- ##
## Output variables. ##
## ----------------- ##

ACLOCAL='${SHELL} /home/scott/code/opendoom/autotools/missing --run aclocal-1.10'
AMDEPBACKSLASH='\'
AMDEP_FALSE='#'
AMDEP_TRUE=''
AMTAR='${SHELL} /home/scott/code/opendoom/autotools/missing --run tar'
AUTOCONF='${SHELL} /home/scott/code/opendoom/autotools/missing --run autoconf'
AUTOHEADER='${SHELL} /home/scott/code/opendoom/autotools/missing --run autoheader'
AUTOMAKE='${SHELL} /home/scott/code/opendoom/autotools/missing --run automake-1.10'
AWK='gawk'
BUILD_DOOM='prboom'
BUILD_GL_FALSE=''
BUILD_GL_TRUE='#'
CC='ccache arm-angstrom-linux-gnueabi-gcc -march=armv4t -mtune=arm920t'
CCDEPMODE='depmode=gcc3'
CFLAGS='-isystem/usr/local/openmoko/arm/arm-angstrom-linux-gnueabi/include -fexpensive-optimizations -fomit-frame-pointer -frename-registers -Os -I$(top_srcdir)/src'
CPP='arm-angstrom-linux-gnueabi-gcc -E'
CPPFLAGS='-isystem/usr/local/openmoko/arm/arm-angstrom-linux-gnueabi/include'
CYGPATH_W='echo'
DEFS='-DHAVE_CONFIG_H'
DEPDIR='.deps'
DOOMWADDIR='/usr/share/games/doom'
ECHO_C=''
ECHO_N='-n'
ECHO_T=''
EGREP=''
EXEEXT=''
GL_LIBS=''
GREP=''
INSTALL_DATA='${INSTALL} -m 644'
INSTALL_PROGRAM='${INSTALL}'
INSTALL_SCRIPT='${INSTALL}'
INSTALL_STRIP_PROGRAM='$(install_sh) -c -s'
LDFLAGS='-L/usr/local/openmoko/arm/arm-angstrom-linux-gnueabi/lib -Wl,-rpath-link,/usr/local/openmoko/arm/arm-angstrom-linux-gnueabi/lib -Wl,-O1'
LIBOBJS=''
LIBS='-lpng -lm '
LN_S='ln -s'
LTLIBOBJS=''
MAINT='#'
MAINTAINER_MODE_FALSE=''
MAINTAINER_MODE_TRUE='#'
MAKEINFO='${SHELL} /home/scott/code/opendoom/autotools/missing --run makeinfo'
MATH_LIB=''
MIXER_CFLAGS=''
MIXER_LIBS=' -lSDL_mixer'
NET_CFLAGS=''
NET_LIBS='-lSDL_net'
OBJEXT='o'
PACKAGE='prboom'
PACKAGE_BUGREPORT=''
PACKAGE_NAME='prboom'
PACKAGE_STRING='prboom 2.4.7'
PACKAGE_TARNAME='prboom'
PACKAGE_VERSION='2.4.7'
PATH_SEPARATOR=':'
RANLIB='arm-angstrom-linux-gnueabi-ranlib'
SDL_CFLAGS='-I/usr/include/SDL -D_GNU_SOURCE=1 -D_REENTRANT'
SDL_CONFIG='/usr/bin/sdl-config'
SDL_LIBS='-L/usr/lib -lSDL'
SET_MAKE=''
SHELL='/bin/sh'
STRIP='arm-angstrom-linux-gnueabi-strip'
VERSION='2.4.7'
WAD_MMAP_FALSE='#'
WAD_MMAP_TRUE=''
ac_aux_dir='autotools'
ac_ct_CC=''
am__fastdepCC_FALSE='#'
am__fastdepCC_TRUE=''
am__include='include'
am__isrc=''
am__leading_dot='.'
am__quote=''
am__tar='${AMTAR} chof - "$$tardir"'
am__untar='${AMTAR} xf -'
bindir='/usr/bin'
build='i686-pc-linux-gnu'
build_alias='i686-linux'
build_cpu='i686'
build_os='linux-gnu'
build_vendor='pc'
datadir='/usr/share'
datarootdir='${prefix}/share'
docdir='${datarootdir}/doc/${PACKAGE_TARNAME}'
dvidir='${docdir}'
exec_prefix='/usr'
host='arm-angstrom-linux-gnueabi'
host_alias='arm-angstrom-linux-gnueabi'
host_cpu='arm'
host_os='linux-gnueabi'
host_vendor='angstrom'
htmldir='${docdir}'
includedir='/usr/include'
infodir='/usr/share/info'
install_sh='$(SHELL) /home/scott/code/opendoom/autotools/install-sh'
libdir='/usr/lib'
libexecdir='/usr/libexec'
localedir='${datarootdir}/locale'
localstatedir='/var'
mandir='/usr/share/man'
mkdir_p='/bin/mkdir -p'
oldincludedir='/usr/include'
pdfdir='${docdir}'
prefix='/usr'
program_transform_name='s,x,x,'
psdir='${docdir}'
sbindir='/usr/sbin'
sharedstatedir='/usr/com'
sysconfdir='/etc'
target='arm-angstrom-linux-gnueabi'
target_alias='arm-angstrom-linux-gnueabi'
target_cpu='arm'
target_os='linux-gnueabi'
target_vendor='angstrom'

## ----------- ##
## confdefs.h. ##
## ----------- ##

#define PACKAGE_NAME "prboom"
#define PACKAGE_TARNAME "prboom"
#define PACKAGE_VERSION "2.4.7"
#define PACKAGE_STRING "prboom 2.4.7"
#define PACKAGE_BUGREPORT ""
#define PACKAGE "prboom"
#define VERSION "2.4.7"
#define DOOMWADDIR "/usr/share/games/doom"
#define PACKEDATTR __attribute__((packed))
#define HAVE_DECL_SYS_SIGLIST 1
#define HAVE_SYS_WAIT_H 1
#define HAVE_UNISTD_H 1
#define HAVE_ASM_BYTEORDER_H 1
#define stricmp strcasecmp
#define strnicmp strncasecmp
#define HAVE_GETOPT 1
#define HAVE_INET_ATON 1
#define HAVE_INET_PTON 1
#define HAVE_INET_NTOP 1
#define HAVE_SNPRINTF 1
#define HAVE_VSNPRINTF 1
#define HAVE_MMAP 1
#define HAVE_USLEEP 1
#define HAVE_LIBM 1
#define HAVE_SDL_JOYSTICKGETAXIS 1
#define HAVE_LIBSDL_MIXER 1
#define HAVE_LIBSDL_NET 1
#define USE_SDL_NET 1
#define HAVE_LIBPNG 1
#define HAVE_NET 1
#define HIGHRES 1
#define SIMPLECHECKS 1
#define ZONEIDCHECK 1

configure: exit 0
